<?xml version="1.0" encoding="UTF-8"?>
<!-- Generated by org.testng.reporters.JUnitReportReporter -->
<testsuite hostname="HP" failures="0" tests="1" name="com.scripts.Scenario1" time="37.816" errors="0" timestamp="2022-02-27T22:03:13 IST" skipped="0">
  <testcase classname="com.scripts.Scenario1" name="scenarioScript1" time="37.816"/>
  <system-out>
    <![CDATA[Product Price on Flipkart: Rs 1,39,900
Final Product Price after addition of quantity: Rs 2,79,800]]>
  </system-out>
</testsuite> <!-- com.scripts.Scenario1 -->
