<?xml version="1.0" encoding="UTF-8"?>
<!-- Generated by org.testng.reporters.JUnitReportReporter -->
<testsuite hostname="HP" failures="0" tests="2" name="com.scripts.demo" time="2.903" errors="0" timestamp="2022-02-24T01:04:01 IST" skipped="0">
  <testcase classname="com.scripts.demo" name="testSampleThree" time="0.010"/>
  <system-out/>
  <testcase classname="com.scripts.demo" name="googleTest" time="2.893"/>
  <system-out/>
</testsuite> <!-- com.scripts.demo -->
